

Processing IncidentsController#show_with_map (for 127.0.0.1 at 2010-10-05 16:53:27) [GET]
  Parameters: {"id"=>"1"}


ActiveRecord::StatementInvalid (Could not find table 'incidents'):
    /vendor/rails/activerecord/lib/active_record/connection_adapters/sqlite3_adapter.rb:29:in `table_structure'
    /vendor/rails/activesupport/lib/active_support/core_ext/object/misc.rb:39:in `returning'
    /vendor/rails/activerecord/lib/active_record/connection_adapters/sqlite3_adapter.rb:28:in `table_structure'
    /vendor/rails/activerecord/lib/active_record/connection_adapters/sqlite_adapter.rb:189:in `columns'
    /vendor/rails/activerecord/lib/active_record/base.rb:1220:in `columns'
    /vendor/rails/activerecord/lib/active_record/base.rb:1228:in `columns_hash'
    /vendor/rails/activerecord/lib/active_record/base.rb:1520:in `find_one'
    /vendor/rails/activerecord/lib/active_record/base.rb:1511:in `find_from_ids'
    /vendor/rails/activerecord/lib/active_record/base.rb:590:in `find'
    /app/controllers/incidents_controller.rb:87:in `show_with_map'
    /vendor/rails/actionpack/lib/action_controller/base.rb:1256:in `send'
    /vendor/rails/actionpack/lib/action_controller/base.rb:1256:in `perform_action_without_filters'
    /vendor/rails/actionpack/lib/action_controller/filters.rb:617:in `call_filters'
    /vendor/rails/actionpack/lib/action_controller/filters.rb:610:in `perform_action_without_benchmark'
    /vendor/rails/actionpack/lib/action_controller/benchmarking.rb:68:in `perform_action_without_rescue'
    /usr/lib/ruby/1.8/benchmark.rb:293:in `measure'
    /vendor/rails/actionpack/lib/action_controller/benchmarking.rb:68:in `perform_action_without_rescue'
    /vendor/rails/actionpack/lib/action_controller/rescue.rb:136:in `perform_action_without_caching'
    /vendor/rails/actionpack/lib/action_controller/caching/sql_cache.rb:13:in `perform_action'
    /vendor/rails/activerecord/lib/active_record/connection_adapters/abstract/query_cache.rb:34:in `cache'
    /vendor/rails/activerecord/lib/active_record/query_cache.rb:8:in `cache'
    /vendor/rails/actionpack/lib/action_controller/caching/sql_cache.rb:12:in `perform_action'
    /vendor/rails/actionpack/lib/action_controller/base.rb:524:in `send'
    /vendor/rails/actionpack/lib/action_controller/base.rb:524:in `process_without_filters'
    /vendor/rails/actionpack/lib/action_controller/filters.rb:606:in `process_without_session_management_support'
    /vendor/rails/actionpack/lib/action_controller/session_management.rb:134:in `process'
    /vendor/rails/actionpack/lib/action_controller/base.rb:392:in `process'
    /vendor/rails/actionpack/lib/action_controller/dispatcher.rb:184:in `handle_request'
    /vendor/rails/actionpack/lib/action_controller/dispatcher.rb:112:in `dispatch_unlocked'
    /vendor/rails/actionpack/lib/action_controller/dispatcher.rb:125:in `dispatch'
    /vendor/rails/actionpack/lib/action_controller/dispatcher.rb:124:in `synchronize'
    /vendor/rails/actionpack/lib/action_controller/dispatcher.rb:124:in `dispatch'
    /vendor/rails/actionpack/lib/action_controller/dispatcher.rb:134:in `dispatch_cgi'
    /vendor/rails/actionpack/lib/action_controller/dispatcher.rb:41:in `dispatch'
    /vendor/rails/railties/lib/webrick_server.rb:103:in `handle_dispatch'
    /vendor/rails/railties/lib/webrick_server.rb:74:in `service'
    /usr/lib/ruby/1.8/webrick/httpserver.rb:104:in `service'
    /usr/lib/ruby/1.8/webrick/httpserver.rb:65:in `run'
    /usr/lib/ruby/1.8/webrick/server.rb:173:in `start_thread'
    /usr/lib/ruby/1.8/webrick/server.rb:162:in `start'
    /usr/lib/ruby/1.8/webrick/server.rb:162:in `start_thread'
    /usr/lib/ruby/1.8/webrick/server.rb:95:in `start'
    /usr/lib/ruby/1.8/webrick/server.rb:92:in `each'
    /usr/lib/ruby/1.8/webrick/server.rb:92:in `start'
    /usr/lib/ruby/1.8/webrick/server.rb:23:in `start'
    /usr/lib/ruby/1.8/webrick/server.rb:82:in `start'
    /vendor/rails/railties/lib/webrick_server.rb:60:in `dispatch'
    /vendor/rails/railties/lib/commands/servers/webrick.rb:66
    /usr/lib/ruby/1.8/rubygems/custom_require.rb:31:in `gem_original_require'
    /usr/lib/ruby/1.8/rubygems/custom_require.rb:31:in `require'
    /vendor/rails/activesupport/lib/active_support/dependencies.rb:153:in `require'
    /vendor/rails/activesupport/lib/active_support/dependencies.rb:521:in `new_constants_in'
    /vendor/rails/activesupport/lib/active_support/dependencies.rb:153:in `require'
    /vendor/rails/railties/lib/commands/server.rb:49
    /usr/lib/ruby/1.8/rubygems/custom_require.rb:31:in `gem_original_require'
    /usr/lib/ruby/1.8/rubygems/custom_require.rb:31:in `require'
    script/server:3

Rendered /home/heber/climb/vendor/rails/actionpack/lib/action_controller/templates/rescues/_trace (18.9ms)
Rendered /home/heber/climb/vendor/rails/actionpack/lib/action_controller/templates/rescues/_request_and_response (0.7ms)
Rendering /home/heber/climb/vendor/rails/actionpack/lib/action_controller/templates/rescues/layout.erb (internal_server_error)
  [4;36;1mSQL (0.3ms)[0m   [0;1m SELECT name
 FROM sqlite_master
 WHERE type = 'table' AND NOT name = 'sqlite_sequence'
[0m
  [4;35;1mSQL (24.9ms)[0m   [0mselect sqlite_version(*)[0m
  [4;36;1mSQL (111.1ms)[0m   [0;1mCREATE TABLE "schema_migrations" ("version" varchar(255) NOT NULL) [0m
  [4;35;1mSQL (64.0ms)[0m   [0mCREATE UNIQUE INDEX "unique_schema_migrations" ON "schema_migrations" ("version")[0m
  [4;36;1mSQL (0.3ms)[0m   [0;1m SELECT name
 FROM sqlite_master
 WHERE type = 'table' AND NOT name = 'sqlite_sequence'
[0m
  [4;35;1mSQL (0.1ms)[0m   [0mSELECT version FROM schema_migrations[0m
Migrating to CreateIncidents (20101005190352)
  [4;36;1mSQL (107.4ms)[0m   [0;1mCREATE TABLE "incidents" ("id" INTEGER PRIMARY KEY AUTOINCREMENT NOT NULL, "montain" varchar(255), "latitude" decimal, "longitude" decimal, "when" datetime, "title" varchar(255), "description" text, "created_at" datetime, "updated_at" datetime) [0m
  [4;35;1mSQL (84.2ms)[0m   [0mINSERT INTO schema_migrations (version) VALUES ('20101005190352')[0m
  [4;36;1mSQL (0.6ms)[0m   [0;1m SELECT name
 FROM sqlite_master
 WHERE type = 'table' AND NOT name = 'sqlite_sequence'
[0m
  [4;35;1mSQL (0.2ms)[0m   [0mSELECT version FROM schema_migrations[0m
  [4;36;1mSQL (0.2ms)[0m   [0;1m SELECT name
 FROM sqlite_master
 WHERE type = 'table' AND NOT name = 'sqlite_sequence'
[0m
  [4;35;1mSQL (20.1ms)[0m   [0mPRAGMA index_list("incidents")[0m


Processing IncidentsController#show_with_map (for 127.0.0.1 at 2010-10-05 16:54:14) [GET]
  Parameters: {"id"=>"1"}
  [4;36;1mIncident Load (0.1ms)[0m   [0;1mSELECT * FROM "incidents" WHERE ("incidents"."id" = 1) [0m


ActiveRecord::RecordNotFound (Couldn't find Incident with ID=1):
    /vendor/rails/activerecord/lib/active_record/base.rb:1528:in `find_one'
    /vendor/rails/activerecord/lib/active_record/base.rb:1511:in `find_from_ids'
    /vendor/rails/activerecord/lib/active_record/base.rb:590:in `find'
    /app/controllers/incidents_controller.rb:87:in `show_with_map'
    /vendor/rails/actionpack/lib/action_controller/base.rb:1256:in `send'
    /vendor/rails/actionpack/lib/action_controller/base.rb:1256:in `perform_action_without_filters'
    /vendor/rails/actionpack/lib/action_controller/filters.rb:617:in `call_filters'
    /vendor/rails/actionpack/lib/action_controller/filters.rb:610:in `perform_action_without_benchmark'
    /vendor/rails/actionpack/lib/action_controller/benchmarking.rb:68:in `perform_action_without_rescue'
    /usr/lib/ruby/1.8/benchmark.rb:293:in `measure'
    /vendor/rails/actionpack/lib/action_controller/benchmarking.rb:68:in `perform_action_without_rescue'
    /vendor/rails/actionpack/lib/action_controller/rescue.rb:136:in `perform_action_without_caching'
    /vendor/rails/actionpack/lib/action_controller/caching/sql_cache.rb:13:in `perform_action'
    /vendor/rails/activerecord/lib/active_record/connection_adapters/abstract/query_cache.rb:34:in `cache'
    /vendor/rails/activerecord/lib/active_record/query_cache.rb:8:in `cache'
    /vendor/rails/actionpack/lib/action_controller/caching/sql_cache.rb:12:in `perform_action'
    /vendor/rails/actionpack/lib/action_controller/base.rb:524:in `send'
    /vendor/rails/actionpack/lib/action_controller/base.rb:524:in `process_without_filters'
    /vendor/rails/actionpack/lib/action_controller/filters.rb:606:in `process_without_session_management_support'
    /vendor/rails/actionpack/lib/action_controller/session_management.rb:134:in `process'
    /vendor/rails/actionpack/lib/action_controller/base.rb:392:in `process'
    /vendor/rails/actionpack/lib/action_controller/dispatcher.rb:184:in `handle_request'
    /vendor/rails/actionpack/lib/action_controller/dispatcher.rb:112:in `dispatch_unlocked'
    /vendor/rails/actionpack/lib/action_controller/dispatcher.rb:125:in `dispatch'
    /vendor/rails/actionpack/lib/action_controller/dispatcher.rb:124:in `synchronize'
    /vendor/rails/actionpack/lib/action_controller/dispatcher.rb:124:in `dispatch'
    /vendor/rails/actionpack/lib/action_controller/dispatcher.rb:134:in `dispatch_cgi'
    /vendor/rails/actionpack/lib/action_controller/dispatcher.rb:41:in `dispatch'
    /vendor/rails/railties/lib/webrick_server.rb:103:in `handle_dispatch'
    /vendor/rails/railties/lib/webrick_server.rb:74:in `service'
    /usr/lib/ruby/1.8/webrick/httpserver.rb:104:in `service'
    /usr/lib/ruby/1.8/webrick/httpserver.rb:65:in `run'
    /usr/lib/ruby/1.8/webrick/server.rb:173:in `start_thread'
    /usr/lib/ruby/1.8/webrick/server.rb:162:in `start'
    /usr/lib/ruby/1.8/webrick/server.rb:162:in `start_thread'
    /usr/lib/ruby/1.8/webrick/server.rb:95:in `start'
    /usr/lib/ruby/1.8/webrick/server.rb:92:in `each'
    /usr/lib/ruby/1.8/webrick/server.rb:92:in `start'
    /usr/lib/ruby/1.8/webrick/server.rb:23:in `start'
    /usr/lib/ruby/1.8/webrick/server.rb:82:in `start'
    /vendor/rails/railties/lib/webrick_server.rb:60:in `dispatch'
    /vendor/rails/railties/lib/commands/servers/webrick.rb:66
    /usr/lib/ruby/1.8/rubygems/custom_require.rb:31:in `gem_original_require'
    /usr/lib/ruby/1.8/rubygems/custom_require.rb:31:in `require'
    /vendor/rails/activesupport/lib/active_support/dependencies.rb:153:in `require'
    /vendor/rails/activesupport/lib/active_support/dependencies.rb:521:in `new_constants_in'
    /vendor/rails/activesupport/lib/active_support/dependencies.rb:153:in `require'
    /vendor/rails/railties/lib/commands/server.rb:49
    /usr/lib/ruby/1.8/rubygems/custom_require.rb:31:in `gem_original_require'
    /usr/lib/ruby/1.8/rubygems/custom_require.rb:31:in `require'
    script/server:3

Rendered /home/heber/climb/vendor/rails/actionpack/lib/action_controller/templates/rescues/_trace (17.0ms)
Rendered /home/heber/climb/vendor/rails/actionpack/lib/action_controller/templates/rescues/_request_and_response (0.7ms)
Rendering /home/heber/climb/vendor/rails/actionpack/lib/action_controller/templates/rescues/layout.erb (not_found)


Processing IncidentsController#show_with_map (for 127.0.0.1 at 2010-10-05 16:54:16) [GET]
  Parameters: {"id"=>"1"}
  [4;35;1mIncident Load (0.1ms)[0m   [0mSELECT * FROM "incidents" WHERE ("incidents"."id" = 1) [0m


ActiveRecord::RecordNotFound (Couldn't find Incident with ID=1):
    /vendor/rails/activerecord/lib/active_record/base.rb:1528:in `find_one'
    /vendor/rails/activerecord/lib/active_record/base.rb:1511:in `find_from_ids'
    /vendor/rails/activerecord/lib/active_record/base.rb:590:in `find'
    /app/controllers/incidents_controller.rb:87:in `show_with_map'
    /vendor/rails/actionpack/lib/action_controller/base.rb:1256:in `send'
    /vendor/rails/actionpack/lib/action_controller/base.rb:1256:in `perform_action_without_filters'
    /vendor/rails/actionpack/lib/action_controller/filters.rb:617:in `call_filters'
    /vendor/rails/actionpack/lib/action_controller/filters.rb:610:in `perform_action_without_benchmark'
    /vendor/rails/actionpack/lib/action_controller/benchmarking.rb:68:in `perform_action_without_rescue'
    /usr/lib/ruby/1.8/benchmark.rb:293:in `measure'
    /vendor/rails/actionpack/lib/action_controller/benchmarking.rb:68:in `perform_action_without_rescue'
    /vendor/rails/actionpack/lib/action_controller/rescue.rb:136:in `perform_action_without_caching'
    /vendor/rails/actionpack/lib/action_controller/caching/sql_cache.rb:13:in `perform_action'
    /vendor/rails/activerecord/lib/active_record/connection_adapters/abstract/query_cache.rb:34:in `cache'
    /vendor/rails/activerecord/lib/active_record/query_cache.rb:8:in `cache'
    /vendor/rails/actionpack/lib/action_controller/caching/sql_cache.rb:12:in `perform_action'
    /vendor/rails/actionpack/lib/action_controller/base.rb:524:in `send'
    /vendor/rails/actionpack/lib/action_controller/base.rb:524:in `process_without_filters'
    /vendor/rails/actionpack/lib/action_controller/filters.rb:606:in `process_without_session_management_support'
    /vendor/rails/actionpack/lib/action_controller/session_management.rb:134:in `process'
    /vendor/rails/actionpack/lib/action_controller/base.rb:392:in `process'
    /vendor/rails/actionpack/lib/action_controller/dispatcher.rb:184:in `handle_request'
    /vendor/rails/actionpack/lib/action_controller/dispatcher.rb:112:in `dispatch_unlocked'
    /vendor/rails/actionpack/lib/action_controller/dispatcher.rb:125:in `dispatch'
    /vendor/rails/actionpack/lib/action_controller/dispatcher.rb:124:in `synchronize'
    /vendor/rails/actionpack/lib/action_controller/dispatcher.rb:124:in `dispatch'
    /vendor/rails/actionpack/lib/action_controller/dispatcher.rb:134:in `dispatch_cgi'
    /vendor/rails/actionpack/lib/action_controller/dispatcher.rb:41:in `dispatch'
    /vendor/rails/railties/lib/webrick_server.rb:103:in `handle_dispatch'
    /vendor/rails/railties/lib/webrick_server.rb:74:in `service'
    /usr/lib/ruby/1.8/webrick/httpserver.rb:104:in `service'
    /usr/lib/ruby/1.8/webrick/httpserver.rb:65:in `run'
    /usr/lib/ruby/1.8/webrick/server.rb:173:in `start_thread'
    /usr/lib/ruby/1.8/webrick/server.rb:162:in `start'
    /usr/lib/ruby/1.8/webrick/server.rb:162:in `start_thread'
    /usr/lib/ruby/1.8/webrick/server.rb:95:in `start'
    /usr/lib/ruby/1.8/webrick/server.rb:92:in `each'
    /usr/lib/ruby/1.8/webrick/server.rb:92:in `start'
    /usr/lib/ruby/1.8/webrick/server.rb:23:in `start'
    /usr/lib/ruby/1.8/webrick/server.rb:82:in `start'
    /vendor/rails/railties/lib/webrick_server.rb:60:in `dispatch'
    /vendor/rails/railties/lib/commands/servers/webrick.rb:66
    /usr/lib/ruby/1.8/rubygems/custom_require.rb:31:in `gem_original_require'
    /usr/lib/ruby/1.8/rubygems/custom_require.rb:31:in `require'
    /vendor/rails/activesupport/lib/active_support/dependencies.rb:153:in `require'
    /vendor/rails/activesupport/lib/active_support/dependencies.rb:521:in `new_constants_in'
    /vendor/rails/activesupport/lib/active_support/dependencies.rb:153:in `require'
    /vendor/rails/railties/lib/commands/server.rb:49
    /usr/lib/ruby/1.8/rubygems/custom_require.rb:31:in `gem_original_require'
    /usr/lib/ruby/1.8/rubygems/custom_require.rb:31:in `require'
    script/server:3

Rendered /home/heber/climb/vendor/rails/actionpack/lib/action_controller/templates/rescues/_trace (17.5ms)
Rendered /home/heber/climb/vendor/rails/actionpack/lib/action_controller/templates/rescues/_request_and_response (0.7ms)
Rendering /home/heber/climb/vendor/rails/actionpack/lib/action_controller/templates/rescues/layout.erb (not_found)


Processing IncidentsController#index (for 127.0.0.1 at 2010-10-05 16:54:33) [GET]
  [4;36;1mIncident Load (1.1ms)[0m   [0;1mSELECT * FROM "incidents" [0m
Rendering template within layouts/incidents
Rendering incidents/index
Completed in 11ms (View: 4, DB: 1) | 200 OK [http://localhost/incidents/]


Processing IncidentsController#new (for 127.0.0.1 at 2010-10-05 16:54:35) [GET]
Rendering template within layouts/incidents
Rendering incidents/new
Completed in 61ms (View: 52, DB: 0) | 200 OK [http://localhost/incidents/new]


Processing IncidentsController#create (for 127.0.0.1 at 2010-10-05 16:55:08) [POST]
  Parameters: {"commit"=>"Create", "authenticity_token"=>"f67833c1b101c25dc48eda9fdd9d4fe32aa5101c", "incident"=>{"latitude"=>"1000", "title"=>"Monte Everest", "when(1i)"=>"2010", "when(2i)"=>"10", "when(3i)"=>"5", "when(4i)"=>"19", "when(5i)"=>"54", "description"=>"A montanha mais alta do mundo", "longitude"=>"2000", "montain"=>"Everest"}}
  [4;35;1mIncident Create (0.4ms)[0m   [0mINSERT INTO "incidents" ("latitude", "created_at", "title", "updated_at", "longitude", "when", "description", "montain") VALUES(1000.0, '2010-10-05 19:55:08', 'Monte Everest', '2010-10-05 19:55:08', 2000.0, '2010-10-05 19:54:00', 'A montanha mais alta do mundo', 'Everest')[0m
Redirected to #<Incident:0xb6f39704>
Completed in 101ms (DB: 0) | 302 Found [http://localhost/incidents]


Processing IncidentsController#show (for 127.0.0.1 at 2010-10-05 16:55:08) [GET]
  Parameters: {"id"=>"1"}
  [4;36;1mIncident Load (0.6ms)[0m   [0;1mSELECT * FROM "incidents" WHERE ("incidents"."id" = 1) [0m
Rendering template within layouts/incidents
Rendering incidents/show
Completed in 20ms (View: 8, DB: 1) | 200 OK [http://localhost/incidents/1]


Processing IncidentsController#show_with_map (for 127.0.0.1 at 2010-10-05 16:55:26) [GET]
  Parameters: {"id"=>"1"}
  [4;35;1mIncident Load (0.3ms)[0m   [0mSELECT * FROM "incidents" WHERE ("incidents"."id" = 1) [0m
Rendering template within layouts/incidents
Rendering incidents/show_with_map
Rendered incidents/_map (1.3ms)
Completed in 19ms (View: 11, DB: 0) | 200 OK [http://localhost/incidents/map/1]


Processing IncidentsController#show_with_map (for 127.0.0.1 at 2010-10-05 18:19:42) [GET]
  Parameters: {"id"=>"1"}
  [4;36;1mIncident Load (0.3ms)[0m   [0;1mSELECT * FROM "incidents" WHERE ("incidents"."id" = 1) [0m
Completed in 11ms (View: 0, DB: 0) | 200 OK [http://localhost/incidents/map/1]


Processing IncidentsController#show_with_map to xml (for 127.0.0.1 at 2010-10-10 15:17:15) [GET]
  Parameters: {"id"=>"1"}
  [4;36;1mIncident Load (0.8ms)[0m   [0;1mSELECT * FROM "incidents" WHERE ("incidents"."id" = 1) [0m
Completed in 53ms (View: 0, DB: 1) | 200 OK [http://localhost/incidents/map/1.xml]


Processing IncidentsController#show_with_map to html (for 127.0.0.1 at 2010-10-10 15:18:10) [GET]
  Parameters: {"id"=>"1"}
  [4;35;1mIncident Load (0.3ms)[0m   [0mSELECT * FROM "incidents" WHERE ("incidents"."id" = 1) [0m
Rendering template within layouts/incidents
Rendering incidents/show_with_map
Rendered incidents/_map (1.4ms)
Completed in 138ms (View: 130, DB: 0) | 200 OK [http://localhost/incidents/map/1.html]


Processing IncidentsController#show_with_map to xml (for 127.0.0.1 at 2010-10-10 15:18:14) [GET]
  Parameters: {"id"=>"1"}
  [4;36;1mIncident Load (0.4ms)[0m   [0;1mSELECT * FROM "incidents" WHERE ("incidents"."id" = 1) [0m
Completed in 11ms (View: 0, DB: 0) | 200 OK [http://localhost/incidents/map/1.xml]


Processing IncidentsController#show_with_map to html (for 127.0.0.1 at 2010-10-10 15:18:59) [GET]
  Parameters: {"id"=>"2"}
  [4;35;1mIncident Load (0.1ms)[0m   [0mSELECT * FROM "incidents" WHERE ("incidents"."id" = 2) [0m


ActiveRecord::RecordNotFound (Couldn't find Incident with ID=2):
    /vendor/rails/activerecord/lib/active_record/base.rb:1528:in `find_one'
    /vendor/rails/activerecord/lib/active_record/base.rb:1511:in `find_from_ids'
    /vendor/rails/activerecord/lib/active_record/base.rb:590:in `find'
    /app/controllers/incidents_controller.rb:87:in `show_with_map'
    /vendor/rails/actionpack/lib/action_controller/base.rb:1256:in `send'
    /vendor/rails/actionpack/lib/action_controller/base.rb:1256:in `perform_action_without_filters'
    /vendor/rails/actionpack/lib/action_controller/filters.rb:617:in `call_filters'
    /vendor/rails/actionpack/lib/action_controller/filters.rb:610:in `perform_action_without_benchmark'
    /vendor/rails/actionpack/lib/action_controller/benchmarking.rb:68:in `perform_action_without_rescue'
    /usr/lib/ruby/1.8/benchmark.rb:293:in `measure'
    /vendor/rails/actionpack/lib/action_controller/benchmarking.rb:68:in `perform_action_without_rescue'
    /vendor/rails/actionpack/lib/action_controller/rescue.rb:136:in `perform_action_without_caching'
    /vendor/rails/actionpack/lib/action_controller/caching/sql_cache.rb:13:in `perform_action'
    /vendor/rails/activerecord/lib/active_record/connection_adapters/abstract/query_cache.rb:34:in `cache'
    /vendor/rails/activerecord/lib/active_record/query_cache.rb:8:in `cache'
    /vendor/rails/actionpack/lib/action_controller/caching/sql_cache.rb:12:in `perform_action'
    /vendor/rails/actionpack/lib/action_controller/base.rb:524:in `send'
    /vendor/rails/actionpack/lib/action_controller/base.rb:524:in `process_without_filters'
    /vendor/rails/actionpack/lib/action_controller/filters.rb:606:in `process_without_session_management_support'
    /vendor/rails/actionpack/lib/action_controller/session_management.rb:134:in `process'
    /vendor/rails/actionpack/lib/action_controller/base.rb:392:in `process'
    /vendor/rails/actionpack/lib/action_controller/dispatcher.rb:184:in `handle_request'
    /vendor/rails/actionpack/lib/action_controller/dispatcher.rb:112:in `dispatch_unlocked'
    /vendor/rails/actionpack/lib/action_controller/dispatcher.rb:125:in `dispatch'
    /vendor/rails/actionpack/lib/action_controller/dispatcher.rb:124:in `synchronize'
    /vendor/rails/actionpack/lib/action_controller/dispatcher.rb:124:in `dispatch'
    /vendor/rails/actionpack/lib/action_controller/dispatcher.rb:134:in `dispatch_cgi'
    /vendor/rails/actionpack/lib/action_controller/dispatcher.rb:41:in `dispatch'
    /vendor/rails/railties/lib/webrick_server.rb:103:in `handle_dispatch'
    /vendor/rails/railties/lib/webrick_server.rb:74:in `service'
    /usr/lib/ruby/1.8/webrick/httpserver.rb:104:in `service'
    /usr/lib/ruby/1.8/webrick/httpserver.rb:65:in `run'
    /usr/lib/ruby/1.8/webrick/server.rb:173:in `start_thread'
    /usr/lib/ruby/1.8/webrick/server.rb:162:in `start'
    /usr/lib/ruby/1.8/webrick/server.rb:162:in `start_thread'
    /usr/lib/ruby/1.8/webrick/server.rb:95:in `start'
    /usr/lib/ruby/1.8/webrick/server.rb:92:in `each'
    /usr/lib/ruby/1.8/webrick/server.rb:92:in `start'
    /usr/lib/ruby/1.8/webrick/server.rb:23:in `start'
    /usr/lib/ruby/1.8/webrick/server.rb:82:in `start'
    /vendor/rails/railties/lib/webrick_server.rb:60:in `dispatch'
    /vendor/rails/railties/lib/commands/servers/webrick.rb:66
    /usr/lib/ruby/1.8/rubygems/custom_require.rb:31:in `gem_original_require'
    /usr/lib/ruby/1.8/rubygems/custom_require.rb:31:in `require'
    /vendor/rails/activesupport/lib/active_support/dependencies.rb:153:in `require'
    /vendor/rails/activesupport/lib/active_support/dependencies.rb:521:in `new_constants_in'
    /vendor/rails/activesupport/lib/active_support/dependencies.rb:153:in `require'
    /vendor/rails/railties/lib/commands/server.rb:49
    /usr/lib/ruby/1.8/rubygems/custom_require.rb:31:in `gem_original_require'
    /usr/lib/ruby/1.8/rubygems/custom_require.rb:31:in `require'
    script/server:3

Rendered /home/heber/climb/vendor/rails/actionpack/lib/action_controller/templates/rescues/_trace (78.1ms)
Rendered /home/heber/climb/vendor/rails/actionpack/lib/action_controller/templates/rescues/_request_and_response (0.8ms)
Rendering /home/heber/climb/vendor/rails/actionpack/lib/action_controller/templates/rescues/layout.erb (not_found)


Processing IncidentsController#show_with_map to html (for 127.0.0.1 at 2010-10-10 15:19:04) [GET]
  Parameters: {"id"=>"3"}
  [4;36;1mIncident Load (0.1ms)[0m   [0;1mSELECT * FROM "incidents" WHERE ("incidents"."id" = 3) [0m


ActiveRecord::RecordNotFound (Couldn't find Incident with ID=3):
    /vendor/rails/activerecord/lib/active_record/base.rb:1528:in `find_one'
    /vendor/rails/activerecord/lib/active_record/base.rb:1511:in `find_from_ids'
    /vendor/rails/activerecord/lib/active_record/base.rb:590:in `find'
    /app/controllers/incidents_controller.rb:87:in `show_with_map'
    /vendor/rails/actionpack/lib/action_controller/base.rb:1256:in `send'
    /vendor/rails/actionpack/lib/action_controller/base.rb:1256:in `perform_action_without_filters'
    /vendor/rails/actionpack/lib/action_controller/filters.rb:617:in `call_filters'
    /vendor/rails/actionpack/lib/action_controller/filters.rb:610:in `perform_action_without_benchmark'
    /vendor/rails/actionpack/lib/action_controller/benchmarking.rb:68:in `perform_action_without_rescue'
    /usr/lib/ruby/1.8/benchmark.rb:293:in `measure'
    /vendor/rails/actionpack/lib/action_controller/benchmarking.rb:68:in `perform_action_without_rescue'
    /vendor/rails/actionpack/lib/action_controller/rescue.rb:136:in `perform_action_without_caching'
    /vendor/rails/actionpack/lib/action_controller/caching/sql_cache.rb:13:in `perform_action'
    /vendor/rails/activerecord/lib/active_record/connection_adapters/abstract/query_cache.rb:34:in `cache'
    /vendor/rails/activerecord/lib/active_record/query_cache.rb:8:in `cache'
    /vendor/rails/actionpack/lib/action_controller/caching/sql_cache.rb:12:in `perform_action'
    /vendor/rails/actionpack/lib/action_controller/base.rb:524:in `send'
    /vendor/rails/actionpack/lib/action_controller/base.rb:524:in `process_without_filters'
    /vendor/rails/actionpack/lib/action_controller/filters.rb:606:in `process_without_session_management_support'
    /vendor/rails/actionpack/lib/action_controller/session_management.rb:134:in `process'
    /vendor/rails/actionpack/lib/action_controller/base.rb:392:in `process'
    /vendor/rails/actionpack/lib/action_controller/dispatcher.rb:184:in `handle_request'
    /vendor/rails/actionpack/lib/action_controller/dispatcher.rb:112:in `dispatch_unlocked'
    /vendor/rails/actionpack/lib/action_controller/dispatcher.rb:125:in `dispatch'
    /vendor/rails/actionpack/lib/action_controller/dispatcher.rb:124:in `synchronize'
    /vendor/rails/actionpack/lib/action_controller/dispatcher.rb:124:in `dispatch'
    /vendor/rails/actionpack/lib/action_controller/dispatcher.rb:134:in `dispatch_cgi'
    /vendor/rails/actionpack/lib/action_controller/dispatcher.rb:41:in `dispatch'
    /vendor/rails/railties/lib/webrick_server.rb:103:in `handle_dispatch'
    /vendor/rails/railties/lib/webrick_server.rb:74:in `service'
    /usr/lib/ruby/1.8/webrick/httpserver.rb:104:in `service'
    /usr/lib/ruby/1.8/webrick/httpserver.rb:65:in `run'
    /usr/lib/ruby/1.8/webrick/server.rb:173:in `start_thread'
    /usr/lib/ruby/1.8/webrick/server.rb:162:in `start'
    /usr/lib/ruby/1.8/webrick/server.rb:162:in `start_thread'
    /usr/lib/ruby/1.8/webrick/server.rb:95:in `start'
    /usr/lib/ruby/1.8/webrick/server.rb:92:in `each'
    /usr/lib/ruby/1.8/webrick/server.rb:92:in `start'
    /usr/lib/ruby/1.8/webrick/server.rb:23:in `start'
    /usr/lib/ruby/1.8/webrick/server.rb:82:in `start'
    /vendor/rails/railties/lib/webrick_server.rb:60:in `dispatch'
    /vendor/rails/railties/lib/commands/servers/webrick.rb:66
    /usr/lib/ruby/1.8/rubygems/custom_require.rb:31:in `gem_original_require'
    /usr/lib/ruby/1.8/rubygems/custom_require.rb:31:in `require'
    /vendor/rails/activesupport/lib/active_support/dependencies.rb:153:in `require'
    /vendor/rails/activesupport/lib/active_support/dependencies.rb:521:in `new_constants_in'
    /vendor/rails/activesupport/lib/active_support/dependencies.rb:153:in `require'
    /vendor/rails/railties/lib/commands/server.rb:49
    /usr/lib/ruby/1.8/rubygems/custom_require.rb:31:in `gem_original_require'
    /usr/lib/ruby/1.8/rubygems/custom_require.rb:31:in `require'
    script/server:3

Rendered /home/heber/climb/vendor/rails/actionpack/lib/action_controller/templates/rescues/_trace (18.0ms)
Rendered /home/heber/climb/vendor/rails/actionpack/lib/action_controller/templates/rescues/_request_and_response (0.7ms)
Rendering /home/heber/climb/vendor/rails/actionpack/lib/action_controller/templates/rescues/layout.erb (not_found)


Processing IncidentsController#show_with_map to html (for 127.0.0.1 at 2010-10-10 15:19:09) [GET]
  Parameters: {"id"=>"1"}
  [4;35;1mIncident Load (0.3ms)[0m   [0mSELECT * FROM "incidents" WHERE ("incidents"."id" = 1) [0m
Rendering template within layouts/incidents
Rendering incidents/show_with_map
Rendered incidents/_map (1.0ms)
Completed in 19ms (View: 11, DB: 0) | 200 OK [http://localhost/incidents/map/1.html]


Processing IncidentsController#show_with_map to xml (for 127.0.0.1 at 2010-10-10 15:19:10) [GET]
  Parameters: {"id"=>"1"}
  [4;36;1mIncident Load (0.5ms)[0m   [0;1mSELECT * FROM "incidents" WHERE ("incidents"."id" = 1) [0m
Completed in 13ms (View: 0, DB: 1) | 200 OK [http://localhost/incidents/map/1.xml]


Processing IncidentsController#index (for 127.0.0.1 at 2010-10-10 15:40:05) [GET]
  [4;36;1mIncident Load (0.9ms)[0m   [0;1mSELECT * FROM "incidents" [0m
Rendering template within layouts/incidents
Rendering incidents/index
Completed in 65ms (View: 56, DB: 1) | 200 OK [http://localhost/incidents/]


Processing IncidentsController#edit (for 127.0.0.1 at 2010-10-10 15:40:09) [GET]
  Parameters: {"id"=>"1"}
  [4;35;1mIncident Load (0.3ms)[0m   [0mSELECT * FROM "incidents" WHERE ("incidents"."id" = 1) [0m
Rendering template within layouts/incidents
Rendering incidents/edit
Completed in 111ms (View: 102, DB: 0) | 200 OK [http://localhost/incidents/1/edit]


Processing IncidentsController#update (for 127.0.0.1 at 2010-10-10 15:41:52) [PUT]
  Parameters: {"commit"=>"Update", "authenticity_token"=>"27f873581321b389540e7adde751d3db276f923f", "id"=>"1", "incident"=>{"latitude"=>"2318", "title"=>"Londrina", "when(1i)"=>"2010", "when(2i)"=>"10", "when(3i)"=>"5", "when(4i)"=>"19", "when(5i)"=>"54", "description"=>"Pequena Londres", "longitude"=>"5110", "montain"=>"Pico Londrina"}}
  [4;36;1mIncident Load (0.4ms)[0m   [0;1mSELECT * FROM "incidents" WHERE ("incidents"."id" = 1) [0m
  [4;35;1mIncident Update (0.4ms)[0m   [0mUPDATE "incidents" SET "updated_at" = '2010-10-10 18:41:52', "longitude" = 5110.0, "latitude" = 2318.0, "title" = 'Londrina', "montain" = 'Pico Londrina', "description" = 'Pequena Londres' WHERE "id" = 1[0m
Redirected to #<Incident:0xb6d8627c>
Completed in 122ms (DB: 1) | 302 Found [http://localhost/incidents/1]


Processing IncidentsController#show (for 127.0.0.1 at 2010-10-10 15:41:52) [GET]
  Parameters: {"id"=>"1"}
  [4;36;1mIncident Load (0.6ms)[0m   [0;1mSELECT * FROM "incidents" WHERE ("incidents"."id" = 1) [0m
Rendering template within layouts/incidents
Rendering incidents/show
Rendered incidents/_map (1.4ms)
Completed in 23ms (View: 12, DB: 1) | 200 OK [http://localhost/incidents/1]


Processing IncidentsController#show to xml (for 127.0.0.1 at 2010-10-10 15:41:54) [GET]
  Parameters: {"id"=>"1"}
  [4;35;1mIncident Load (0.6ms)[0m   [0mSELECT * FROM "incidents" WHERE ("incidents"."id" = 1) [0m
Completed in 14ms (View: 0, DB: 1) | 200 OK [http://localhost/incidents/1.xml]


Processing IncidentsController#update (for 127.0.0.1 at 2010-10-10 15:43:45) [PUT]
  Parameters: {"commit"=>"Update", "authenticity_token"=>"27f873581321b389540e7adde751d3db276f923f", "id"=>"1", "incident"=>{"latitude"=>"0.976301", "title"=>"Londrina", "when(1i)"=>"2010", "when(2i)"=>"10", "when(3i)"=>"5", "when(4i)"=>"19", "when(5i)"=>"54", "description"=>"Pequena Londres", "longitude"=>"1.716614", "montain"=>"Pico Londrina"}}
  [4;36;1mIncident Load (0.4ms)[0m   [0;1mSELECT * FROM "incidents" WHERE ("incidents"."id" = 1) [0m
  [4;35;1mIncident Update (0.3ms)[0m   [0mUPDATE "incidents" SET "updated_at" = '2010-10-10 18:43:45', "longitude" = 1.716614, "latitude" = 0.976301 WHERE "id" = 1[0m
Redirected to #<Incident:0xb6fc9fac>
Completed in 125ms (DB: 1) | 302 Found [http://localhost/incidents/1]


Processing IncidentsController#show (for 127.0.0.1 at 2010-10-10 15:43:45) [GET]
  Parameters: {"id"=>"1"}
  [4;36;1mIncident Load (0.5ms)[0m   [0;1mSELECT * FROM "incidents" WHERE ("incidents"."id" = 1) [0m
Rendering template within layouts/incidents
Rendering incidents/show
Rendered incidents/_map (1.0ms)
Completed in 21ms (View: 11, DB: 1) | 200 OK [http://localhost/incidents/1]


Processing IncidentsController#show to xml (for 127.0.0.1 at 2010-10-10 15:43:46) [GET]
  Parameters: {"id"=>"1"}
  [4;35;1mIncident Load (0.3ms)[0m   [0mSELECT * FROM "incidents" WHERE ("incidents"."id" = 1) [0m
Completed in 12ms (View: 0, DB: 0) | 200 OK [http://localhost/incidents/1.xml]


Processing IncidentsController#update (for 127.0.0.1 at 2010-10-10 15:44:42) [PUT]
  Parameters: {"commit"=>"Update", "authenticity_token"=>"27f873581321b389540e7adde751d3db276f923f", "id"=>"1", "incident"=>{"latitude"=>"1.716614", "title"=>"Londrina", "when(1i)"=>"2010", "when(2i)"=>"10", "when(3i)"=>"5", "when(4i)"=>"19", "when(5i)"=>"54", "description"=>"Pequena Londres", "longitude"=>"0.976301", "montain"=>"Pico Londrina"}}
  [4;36;1mIncident Load (0.4ms)[0m   [0;1mSELECT * FROM "incidents" WHERE ("incidents"."id" = 1) [0m
  [4;35;1mIncident Update (0.2ms)[0m   [0mUPDATE "incidents" SET "updated_at" = '2010-10-10 18:44:42', "longitude" = 0.976301, "latitude" = 1.716614 WHERE "id" = 1[0m
Redirected to #<Incident:0xb6e8e278>
Completed in 97ms (DB: 1) | 302 Found [http://localhost/incidents/1]


Processing IncidentsController#show (for 127.0.0.1 at 2010-10-10 15:44:42) [GET]
  Parameters: {"id"=>"1"}
  [4;36;1mIncident Load (1.3ms)[0m   [0;1mSELECT * FROM "incidents" WHERE ("incidents"."id" = 1) [0m
Rendering template within layouts/incidents
Rendering incidents/show
Rendered incidents/_map (1.0ms)
Completed in 23ms (View: 12, DB: 1) | 200 OK [http://localhost/incidents/1]


Processing IncidentsController#show to xml (for 127.0.0.1 at 2010-10-10 15:44:45) [GET]
  Parameters: {"id"=>"1"}
  [4;35;1mIncident Load (0.5ms)[0m   [0mSELECT * FROM "incidents" WHERE ("incidents"."id" = 1) [0m
Completed in 13ms (View: 0, DB: 0) | 200 OK [http://localhost/incidents/1.xml]


Processing IncidentsController#update (for 127.0.0.1 at 2010-10-10 15:46:33) [PUT]
  Parameters: {"commit"=>"Update", "authenticity_token"=>"27f873581321b389540e7adde751d3db276f923f", "id"=>"1", "incident"=>{"latitude"=>"23.3", "title"=>"Londrina", "when(1i)"=>"2010", "when(2i)"=>"10", "when(3i)"=>"5", "when(4i)"=>"19", "when(5i)"=>"54", "description"=>"Pequena Londres", "longitude"=>"51.15", "montain"=>"Pico Londrina"}}
  [4;36;1mIncident Load (0.4ms)[0m   [0;1mSELECT * FROM "incidents" WHERE ("incidents"."id" = 1) [0m
  [4;35;1mIncident Update (0.2ms)[0m   [0mUPDATE "incidents" SET "updated_at" = '2010-10-10 18:46:33', "longitude" = 51.15, "latitude" = 23.3 WHERE "id" = 1[0m
Redirected to #<Incident:0xb6d973ec>
Completed in 125ms (DB: 1) | 302 Found [http://localhost/incidents/1]


Processing IncidentsController#show (for 127.0.0.1 at 2010-10-10 15:46:34) [GET]
  Parameters: {"id"=>"1"}
  [4;36;1mIncident Load (0.3ms)[0m   [0;1mSELECT * FROM "incidents" WHERE ("incidents"."id" = 1) [0m
Rendering template within layouts/incidents
Rendering incidents/show
Rendered incidents/_map (1.2ms)
Completed in 20ms (View: 12, DB: 0) | 200 OK [http://localhost/incidents/1]


Processing IncidentsController#show to xml (for 127.0.0.1 at 2010-10-10 15:46:34) [GET]
  Parameters: {"id"=>"1"}
  [4;35;1mIncident Load (0.4ms)[0m   [0mSELECT * FROM "incidents" WHERE ("incidents"."id" = 1) [0m
Completed in 13ms (View: 0, DB: 0) | 200 OK [http://localhost/incidents/1.xml]


Processing IncidentsController#update (for 127.0.0.1 at 2010-10-10 15:56:51) [PUT]
  Parameters: {"commit"=>"Update", "authenticity_token"=>"27f873581321b389540e7adde751d3db276f923f", "id"=>"1", "incident"=>{"latitude"=>"-23.312227", "title"=>"Londrina", "when(1i)"=>"2010", "when(2i)"=>"10", "when(3i)"=>"5", "when(4i)"=>"19", "when(5i)"=>"54", "description"=>"Pequena Londres", "longitude"=>"-51.159532", "montain"=>"Pico Londrina"}}
  [4;36;1mIncident Load (0.3ms)[0m   [0;1mSELECT * FROM "incidents" WHERE ("incidents"."id" = 1) [0m
  [4;35;1mIncident Update (0.2ms)[0m   [0mUPDATE "incidents" SET "updated_at" = '2010-10-10 18:56:51', "longitude" = -51.159532, "latitude" = -23.312227 WHERE "id" = 1[0m
Redirected to #<Incident:0xb6f4f3ec>
Completed in 114ms (DB: 1) | 302 Found [http://localhost/incidents/1]


Processing IncidentsController#show (for 127.0.0.1 at 2010-10-10 15:56:51) [GET]
  Parameters: {"id"=>"1"}
  [4;36;1mIncident Load (0.4ms)[0m   [0;1mSELECT * FROM "incidents" WHERE ("incidents"."id" = 1) [0m
Rendering template within layouts/incidents
Rendering incidents/show
Rendered incidents/_map (1.0ms)
Completed in 22ms (View: 11, DB: 0) | 200 OK [http://localhost/incidents/1]


Processing IncidentsController#show to xml (for 127.0.0.1 at 2010-10-10 15:56:52) [GET]
  Parameters: {"id"=>"1"}
  [4;35;1mIncident Load (0.4ms)[0m   [0mSELECT * FROM "incidents" WHERE ("incidents"."id" = 1) [0m
Completed in 13ms (View: 0, DB: 0) | 200 OK [http://localhost/incidents/1.xml]


Processing IncidentsController#index (for 127.0.0.1 at 2010-10-10 16:21:54) [GET]
  [4;36;1mIncident Load (0.7ms)[0m   [0;1mSELECT * FROM "incidents" [0m
Rendering template within layouts/incidents
Rendering incidents/index
Rendered incidents/_map (1.2ms)
Completed in 51ms (View: 44, DB: 1) | 200 OK [http://localhost/incidents/]


Processing IncidentsController#index to xml (for 127.0.0.1 at 2010-10-10 16:21:56) [GET]
  [4;35;1mIncident Load (0.6ms)[0m   [0mSELECT * FROM "incidents" [0m
Completed in 13ms (View: 0, DB: 1) | 200 OK [http://localhost/incidents.xml]


Processing IncidentsController#new (for 127.0.0.1 at 2010-10-10 16:22:10) [GET]
Rendering template within layouts/incidents
Rendering incidents/new
Completed in 28ms (View: 19, DB: 0) | 200 OK [http://localhost/incidents/new]


Processing IncidentsController#create (for 127.0.0.1 at 2010-10-10 16:26:14) [POST]
  Parameters: {"commit"=>"Create", "authenticity_token"=>"27f873581321b389540e7adde751d3db276f923f", "incident"=>{"latitude"=>"40.723941", "title"=>"NY", "when(1i)"=>"2010", "when(2i)"=>"10", "when(3i)"=>"10", "when(4i)"=>"19", "when(5i)"=>"22", "description"=>"I love Big Apple!", "longitude"=>"-73.992598", "montain"=>"New York Montain"}}
  [4;36;1mIncident Create (0.4ms)[0m   [0;1mINSERT INTO "incidents" ("latitude", "created_at", "title", "updated_at", "longitude", "when", "description", "montain") VALUES(40.723941, '2010-10-10 19:26:14', 'NY', '2010-10-10 19:26:14', -73.992598, '2010-10-10 19:22:00', 'I love Big Apple!', 'New York Montain')[0m
Redirected to #<Incident:0xb6c537d8>
Completed in 135ms (DB: 0) | 302 Found [http://localhost/incidents]


Processing IncidentsController#show (for 127.0.0.1 at 2010-10-10 16:26:15) [GET]
  Parameters: {"id"=>"2"}
  [4;35;1mIncident Load (0.4ms)[0m   [0mSELECT * FROM "incidents" WHERE ("incidents"."id" = 2) [0m
Rendering template within layouts/incidents
Rendering incidents/show
Rendered incidents/_map (1.0ms)
Completed in 20ms (View: 11, DB: 0) | 200 OK [http://localhost/incidents/2]


Processing IncidentsController#show to xml (for 127.0.0.1 at 2010-10-10 16:26:16) [GET]
  Parameters: {"id"=>"2"}
  [4;36;1mIncident Load (0.4ms)[0m   [0;1mSELECT * FROM "incidents" WHERE ("incidents"."id" = 2) [0m
Completed in 11ms (View: 0, DB: 0) | 200 OK [http://localhost/incidents/2.xml]


Processing IncidentsController#index (for 127.0.0.1 at 2010-10-10 16:26:27) [GET]
  [4;35;1mIncident Load (0.7ms)[0m   [0mSELECT * FROM "incidents" [0m
Rendering template within layouts/incidents
Rendering incidents/index
Rendered incidents/_map (1.0ms)
Completed in 27ms (View: 19, DB: 1) | 200 OK [http://localhost/incidents/]


Processing IncidentsController#index to xml (for 127.0.0.1 at 2010-10-10 16:26:27) [GET]
  [4;36;1mIncident Load (0.8ms)[0m   [0;1mSELECT * FROM "incidents" [0m
Completed in 15ms (View: 0, DB: 1) | 200 OK [http://localhost/incidents.xml]


Processing IncidentsController#index (for 127.0.0.1 at 2010-10-10 16:50:09) [GET]
  [4;36;1mIncident Load (0.9ms)[0m   [0;1mSELECT * FROM "incidents" [0m
Rendering template within layouts/incidents
Rendering incidents/index
Rendered incidents/_map (1.2ms)
Completed in 55ms (View: 47, DB: 1) | 200 OK [http://localhost/incidents/]


Processing IncidentsController#news to xml (for 127.0.0.1 at 2010-10-10 16:50:15) [GET]
  [4;35;1mIncident Load (6.5ms)[0m   [0mSELECT * FROM "incidents" WHERE (updated_at > '2010-10-09 16:50:15') [0m
Completed in 26ms (View: 12, DB: 7) | 200 OK [http://localhost/incidents/news]


Processing IncidentsController#index (for 127.0.0.1 at 2010-10-11 05:47:19) [GET]
  [4;36;1mIncident Load (2.7ms)[0m   [0;1mSELECT * FROM "incidents" [0m
Rendering template within layouts/incidents
Rendering incidents/index
Rendered incidents/_map (2.7ms)
Completed in 197ms (View: 168, DB: 3) | 200 OK [http://localhost/incidents/]


Processing IncidentsController#index to xml (for 127.0.0.1 at 2010-10-11 05:47:21) [GET]
  [4;35;1mIncident Load (0.7ms)[0m   [0mSELECT * FROM "incidents" [0m
Completed in 15ms (View: 0, DB: 1) | 200 OK [http://localhost/incidents.xml]


Processing IncidentsController#news to xml (for 127.0.0.1 at 2010-10-11 05:47:30) [GET]
  [4;36;1mIncident Load (0.7ms)[0m   [0;1mSELECT * FROM "incidents" WHERE (updated_at > '2010-10-10 05:47:30') [0m
Rendering incidents/news
Completed in 28ms (View: 21, DB: 1) | 200 OK [http://localhost/incidents/news]
